2015/02/28 23:10:15 [error] [exception.CDbException] exception 'CDbException' with message 'CDbConnection failed to open the DB connection: SQLSTATE[HY000] [1049] Unknown database 'assisi-svts2'' in C:\xampp\htdocs\yii\framework\db\CDbConnection.php:399
Stack trace:
#0 C:\xampp\htdocs\yii\framework\db\CDbConnection.php(347): CDbConnection->open()
#1 C:\xampp\htdocs\yii\framework\db\CDbConnection.php(325): CDbConnection->setActive(true)
#2 C:\xampp\htdocs\yii\framework\base\CModule.php(394): CDbConnection->init()
#3 C:\xampp\htdocs\yii\framework\web\auth\CDbAuthManager.php(589): CModule->getComponent('db')
#4 C:\xampp\htdocs\yii\framework\web\auth\CDbAuthManager.php(59): CDbAuthManager->getDbConnection()
#5 C:\xampp\htdocs\yii\framework\base\CModule.php(394): CDbAuthManager->init()
#6 C:\xampp\htdocs\yii\framework\web\CWebApplication.php(185): CModule->getComponent('authManager')
#7 C:\xampp\htdocs\yii\framework\web\auth\CWebUser.php(815): CWebApplication->getAuthManager()
#8 C:\xampp\htdocs\apc-softdev-it112-05\application\assisi-svts\protected\modules\rights\components\RWebUser.php(43): CWebUser->checkAccess('Coordinator', Array, true)
#9 C:\xampp\htdocs\apc-softdev-it112-05\application\assisi-svts\themes\hebo\views\layouts\tpl_navigation.php(43): RWebUser->checkAccess('Coordinator')
#10 C:\xampp\htdocs\apc-softdev-it112-05\application\assisi-svts\themes\hebo\views\layouts\main.php(5): require_once('C:\xampp\htdocs...')
#11 C:\xampp\htdocs\yii\framework\web\CBaseController.php(126): require('C:\xampp\htdocs...')
#12 C:\xampp\htdocs\yii\framework\web\CBaseController.php(95): CBaseController->renderInternal('C:\xampp\htdocs...', Array, true)
#13 C:\xampp\htdocs\yii\framework\web\widgets\CContentDecorator.php(76): CBaseController->renderFile('C:\xampp\htdocs...', Array, true)
#14 C:\xampp\htdocs\yii\framework\web\widgets\CContentDecorator.php(54): CContentDecorator->decorate('<section class=...')
#15 C:\xampp\htdocs\yii\framework\web\widgets\COutputProcessor.php(44): CContentDecorator->processOutput('<section class=...')
#16 C:\xampp\htdocs\yii\framework\web\CBaseController.php(214): COutputProcessor->run()
#17 C:\xampp\htdocs\yii\framework\web\CBaseController.php(308): CBaseController->endWidget('CContentDecorat...')
#18 C:\xampp\htdocs\apc-softdev-it112-05\application\assisi-svts\themes\hebo\views\layouts\column1.php(10): CBaseController->endContent()
#19 C:\xampp\htdocs\yii\framework\web\CBaseController.php(126): require('C:\xampp\htdocs...')
#20 C:\xampp\htdocs\yii\framework\web\CBaseController.php(95): CBaseController->renderInternal('C:\xampp\htdocs...', Array, true)
#21 C:\xampp\htdocs\yii\framework\web\CController.php(784): CBaseController->renderFile('C:\xampp\htdocs...', Array, true)
#22 C:\xampp\htdocs\apc-softdev-it112-05\application\assisi-svts\protected\controllers\SiteController.php(32): CController->render('index')
#23 C:\xampp\htdocs\yii\framework\web\actions\CInlineAction.php(49): SiteController->actionIndex()
#24 C:\xampp\htdocs\yii\framework\web\CController.php(308): CInlineAction->runWithParams(Array)
#25 C:\xampp\htdocs\yii\framework\web\CController.php(286): CController->runAction(Object(CInlineAction))
#26 C:\xampp\htdocs\yii\framework\web\CController.php(265): CController->runActionWithFilters(Object(CInlineAction), Array)
#27 C:\xampp\htdocs\yii\framework\web\CWebApplication.php(282): CController->run('')
#28 C:\xampp\htdocs\yii\framework\web\CWebApplication.php(141): CWebApplication->runController('')
#29 C:\xampp\htdocs\yii\framework\base\CApplication.php(184): CWebApplication->processRequest()
#30 C:\xampp\htdocs\apc-softdev-it112-05\application\assisi-svts\index.php(13): CApplication->run()
#31 {main}
REQUEST_URI=/softdev2015/
---
